<?xml version="1.0" encoding="UTF-8"?>
<testsuite xmlns:xsi="http://www.w3.org/2001/XMLSchema-instance" xsi:noNamespaceSchemaLocation="https://maven.apache.org/surefire/maven-surefire-plugin/xsd/surefire-test-report-3.0.xsd" version="3.0" name="TestSuite" time="7.46" tests="6" errors="0" skipped="4" failures="2">
  <properties>
    <property name="sun.desktop" value="windows"/>
    <property name="awt.toolkit" value="sun.awt.windows.WToolkit"/>
    <property name="java.specification.version" value="11"/>
    <property name="sun.cpu.isalist" value="amd64"/>
    <property name="sun.jnu.encoding" value="Cp1251"/>
    <property name="java.class.path" value="C:\Users\Timur\fullFramework\target\test-classes;C:\Users\Timur\fullFramework\target\classes;C:\Users\Timur\.m2\repository\org\seleniumhq\selenium\selenium-java\3.141.59\selenium-java-3.141.59.jar;C:\Users\Timur\.m2\repository\org\seleniumhq\selenium\selenium-api\3.141.59\selenium-api-3.141.59.jar;C:\Users\Timur\.m2\repository\org\seleniumhq\selenium\selenium-chrome-driver\3.141.59\selenium-chrome-driver-3.141.59.jar;C:\Users\Timur\.m2\repository\org\seleniumhq\selenium\selenium-edge-driver\3.141.59\selenium-edge-driver-3.141.59.jar;C:\Users\Timur\.m2\repository\org\seleniumhq\selenium\selenium-firefox-driver\3.141.59\selenium-firefox-driver-3.141.59.jar;C:\Users\Timur\.m2\repository\org\seleniumhq\selenium\selenium-ie-driver\3.141.59\selenium-ie-driver-3.141.59.jar;C:\Users\Timur\.m2\repository\org\seleniumhq\selenium\selenium-opera-driver\3.141.59\selenium-opera-driver-3.141.59.jar;C:\Users\Timur\.m2\repository\org\seleniumhq\selenium\selenium-remote-driver\3.141.59\selenium-remote-driver-3.141.59.jar;C:\Users\Timur\.m2\repository\org\seleniumhq\selenium\selenium-safari-driver\3.141.59\selenium-safari-driver-3.141.59.jar;C:\Users\Timur\.m2\repository\org\seleniumhq\selenium\selenium-support\3.141.59\selenium-support-3.141.59.jar;C:\Users\Timur\.m2\repository\net\bytebuddy\byte-buddy\1.8.15\byte-buddy-1.8.15.jar;C:\Users\Timur\.m2\repository\org\apache\commons\commons-exec\1.3\commons-exec-1.3.jar;C:\Users\Timur\.m2\repository\com\google\guava\guava\25.0-jre\guava-25.0-jre.jar;C:\Users\Timur\.m2\repository\com\google\code\findbugs\jsr305\1.3.9\jsr305-1.3.9.jar;C:\Users\Timur\.m2\repository\org\checkerframework\checker-compat-qual\2.0.0\checker-compat-qual-2.0.0.jar;C:\Users\Timur\.m2\repository\com\google\errorprone\error_prone_annotations\2.1.3\error_prone_annotations-2.1.3.jar;C:\Users\Timur\.m2\repository\com\google\j2objc\j2objc-annotations\1.1\j2objc-annotations-1.1.jar;C:\Users\Timur\.m2\repository\org\codehaus\mojo\animal-sniffer-annotations\1.14\animal-sniffer-annotations-1.14.jar;C:\Users\Timur\.m2\repository\com\squareup\okhttp3\okhttp\3.11.0\okhttp-3.11.0.jar;C:\Users\Timur\.m2\repository\com\squareup\okio\okio\1.14.0\okio-1.14.0.jar;C:\Users\Timur\.m2\repository\org\testng\testng\7.0.0\testng-7.0.0.jar;C:\Users\Timur\.m2\repository\com\beust\jcommander\1.72\jcommander-1.72.jar;C:\Users\Timur\.m2\repository\junit\junit\4.12\junit-4.12.jar;C:\Users\Timur\.m2\repository\org\hamcrest\hamcrest-core\1.3\hamcrest-core-1.3.jar;C:\Users\Timur\.m2\repository\org\apache\logging\log4j\log4j-api\2.12.1\log4j-api-2.12.1.jar;C:\Users\Timur\.m2\repository\org\apache\logging\log4j\log4j-core\2.12.1\log4j-core-2.12.1.jar;C:\Users\Timur\.m2\repository\commons-io\commons-io\2.6\commons-io-2.6.jar;C:\Users\Timur\.m2\repository\com\aventstack\extentreports\3.1.5\extentreports-3.1.5.jar;C:\Users\Timur\.m2\repository\org\mongodb\mongodb-driver\3.3.0\mongodb-driver-3.3.0.jar;C:\Users\Timur\.m2\repository\org\mongodb\bson\3.3.0\bson-3.3.0.jar;C:\Users\Timur\.m2\repository\org\mongodb\mongodb-driver-core\3.3.0\mongodb-driver-core-3.3.0.jar;C:\Users\Timur\.m2\repository\org\apache\httpcomponents\httpclient\4.5.2\httpclient-4.5.2.jar;C:\Users\Timur\.m2\repository\org\apache\httpcomponents\httpcore\4.4.4\httpcore-4.4.4.jar;C:\Users\Timur\.m2\repository\commons-logging\commons-logging\1.2\commons-logging-1.2.jar;C:\Users\Timur\.m2\repository\commons-codec\commons-codec\1.9\commons-codec-1.9.jar;C:\Users\Timur\.m2\repository\org\apache\httpcomponents\httpmime\4.5.2\httpmime-4.5.2.jar;C:\Users\Timur\.m2\repository\org\jsoup\jsoup\1.9.2\jsoup-1.9.2.jar;C:\Users\Timur\.m2\repository\com\google\code\gson\gson\2.8.0\gson-2.8.0.jar;C:\Users\Timur\.m2\repository\org\freemarker\freemarker\2.3.28\freemarker-2.3.28.jar;C:\Users\Timur\.m2\repository\info\cukes\cucumber-junit\1.2.5\cucumber-junit-1.2.5.jar;C:\Users\Timur\.m2\repository\info\cukes\cucumber-java\1.2.5\cucumber-java-1.2.5.jar;C:\Users\Timur\.m2\repository\info\cukes\cucumber-core\1.2.5\cucumber-core-1.2.5.jar;C:\Users\Timur\.m2\repository\info\cukes\cucumber-html\0.2.3\cucumber-html-0.2.3.jar;C:\Users\Timur\.m2\repository\info\cukes\cucumber-jvm-deps\1.0.5\cucumber-jvm-deps-1.0.5.jar;C:\Users\Timur\.m2\repository\info\cukes\gherkin\2.12.2\gherkin-2.12.2.jar;C:\Users\Timur\.m2\repository\info\cukes\cucumber-testng\1.2.5\cucumber-testng-1.2.5.jar;C:\Users\Timur\.m2\repository\de\retest\recheck-web\1.3.0\recheck-web-1.3.0.jar;C:\Users\Timur\.m2\repository\de\retest\recheck\1.3.0\recheck-1.3.0.jar;C:\Users\Timur\.m2\repository\org\apache\commons\commons-lang3\3.9\commons-lang3-3.9.jar;C:\Users\Timur\.m2\repository\org\projectlombok\lombok\1.18.8\lombok-1.18.8.jar;C:\Users\Timur\.m2\repository\ch\qos\logback\logback-core\1.2.3\logback-core-1.2.3.jar;C:\Users\Timur\.m2\repository\ch\qos\logback\logback-classic\1.2.3\logback-classic-1.2.3.jar;C:\Users\Timur\.m2\repository\com\esotericsoftware\kryo\4.0.2\kryo-4.0.2.jar;C:\Users\Timur\.m2\repository\com\esotericsoftware\reflectasm\1.11.3\reflectasm-1.11.3.jar;C:\Users\Timur\.m2\repository\org\ow2\asm\asm\5.0.4\asm-5.0.4.jar;C:\Users\Timur\.m2\repository\com\esotericsoftware\minlog\1.3.0\minlog-1.3.0.jar;C:\Users\Timur\.m2\repository\org\objenesis\objenesis\2.5.1\objenesis-2.5.1.jar;C:\Users\Timur\.m2\repository\de\javakaffee\kryo-serializers\0.43\kryo-serializers-0.43.jar;C:\Users\Timur\.m2\repository\net\jpountz\lz4\lz4\1.3.0\lz4-1.3.0.jar;C:\Users\Timur\.m2\repository\javax\xml\bind\jaxb-api\2.3.1\jaxb-api-2.3.1.jar;C:\Users\Timur\.m2\repository\javax\activation\javax.activation-api\1.2.0\javax.activation-api-1.2.0.jar;C:\Users\Timur\.m2\repository\org\keycloak\keycloak-installed-adapter\6.0.1\keycloak-installed-adapter-6.0.1.jar;C:\Users\Timur\.m2\repository\org\keycloak\keycloak-core\6.0.1\keycloak-core-6.0.1.jar;C:\Users\Timur\.m2\repository\org\keycloak\keycloak-common\6.0.1\keycloak-common-6.0.1.jar;C:\Users\Timur\.m2\repository\org\bouncycastle\bcpkix-jdk15on\1.60\bcpkix-jdk15on-1.60.jar;C:\Users\Timur\.m2\repository\org\keycloak\keycloak-adapter-spi\6.0.1\keycloak-adapter-spi-6.0.1.jar;C:\Users\Timur\.m2\repository\org\keycloak\keycloak-adapter-core\6.0.1\keycloak-adapter-core-6.0.1.jar;C:\Users\Timur\.m2\repository\org\bouncycastle\bcprov-jdk15on\1.60\bcprov-jdk15on-1.60.jar;C:\Users\Timur\.m2\repository\org\jboss\logging\jboss-logging\3.3.2.Final\jboss-logging-3.3.2.Final.jar;C:\Users\Timur\.m2\repository\org\jboss\resteasy\resteasy-client\3.6.3.Final\resteasy-client-3.6.3.Final.jar;C:\Users\Timur\.m2\repository\org\jboss\resteasy\resteasy-jaxrs\3.6.3.Final\resteasy-jaxrs-3.6.3.Final.jar;C:\Users\Timur\.m2\repository\org\jboss\spec\javax\xml\bind\jboss-jaxb-api_2.3_spec\1.0.1.Final\jboss-jaxb-api_2.3_spec-1.0.1.Final.jar;C:\Users\Timur\.m2\repository\org\reactivestreams\reactive-streams\1.0.2\reactive-streams-1.0.2.jar;C:\Users\Timur\.m2\repository\javax\validation\validation-api\2.0.1.Final\validation-api-2.0.1.Final.jar;C:\Users\Timur\.m2\repository\org\jboss\spec\javax\annotation\jboss-annotations-api_1.3_spec\1.0.1.Final\jboss-annotations-api_1.3_spec-1.0.1.Final.jar;C:\Users\Timur\.m2\repository\javax\activation\activation\1.1.1\activation-1.1.1.jar;C:\Users\Timur\.m2\repository\net\jcip\jcip-annotations\1.0\jcip-annotations-1.0.jar;C:\Users\Timur\.m2\repository\org\jboss\spec\javax\ws\rs\jboss-jaxrs-api_2.1_spec\1.0.2.Final\jboss-jaxrs-api_2.1_spec-1.0.2.Final.jar;C:\Users\Timur\.m2\repository\org\eclipse\persistence\org.eclipse.persistence.moxy\2.5.2\org.eclipse.persistence.moxy-2.5.2.jar;C:\Users\Timur\.m2\repository\org\eclipse\persistence\org.eclipse.persistence.core\2.5.2\org.eclipse.persistence.core-2.5.2.jar;C:\Users\Timur\.m2\repository\org\eclipse\persistence\org.eclipse.persistence.asm\2.5.2\org.eclipse.persistence.asm-2.5.2.jar;C:\Users\Timur\.m2\repository\org\eclipse\persistence\org.eclipse.persistence.antlr\2.5.2\org.eclipse.persistence.antlr-2.5.2.jar;C:\Users\Timur\.m2\repository\org\apache\commons\commons-text\1.7\commons-text-1.7.jar;C:\Users\Timur\.m2\repository\org\slf4j\slf4j-api\1.7.26\slf4j-api-1.7.26.jar;C:\Users\Timur\.m2\repository\com\assertthat\selenium-shutterbug\0.9.2\selenium-shutterbug-0.9.2.jar;C:\Users\Timur\.m2\repository\com\fasterxml\jackson\dataformat\jackson-dataformat-yaml\2.9.9\jackson-dataformat-yaml-2.9.9.jar;C:\Users\Timur\.m2\repository\org\yaml\snakeyaml\1.23\snakeyaml-1.23.jar;C:\Users\Timur\.m2\repository\com\fasterxml\jackson\core\jackson-core\2.9.9\jackson-core-2.9.9.jar;C:\Users\Timur\.m2\repository\com\fasterxml\jackson\core\jackson-databind\2.9.9\jackson-databind-2.9.9.jar;C:\Users\Timur\.m2\repository\com\fasterxml\jackson\core\jackson-annotations\2.9.0\jackson-annotations-2.9.0.jar;"/>
    <property name="java.vm.vendor" value="Oracle Corporation"/>
    <property name="sun.arch.data.model" value="64"/>
    <property name="user.variant" value=""/>
    <property name="java.vendor.url" value="http://java.oracle.com/"/>
    <property name="user.timezone" value="America/Los_Angeles"/>
    <property name="java.vm.specification.version" value="11"/>
    <property name="os.name" value="Windows 10"/>
    <property name="sun.java.launcher" value="SUN_STANDARD"/>
    <property name="user.country" value="US"/>
    <property name="sun.boot.library.path" value="C:\Program Files\Java\jdk-11.0.3\bin"/>
    <property name="sun.java.command" value="C:\Users\Timur\AppData\Local\Temp\surefire16899285947511286700\surefirebooter6434586992811168733.jar C:\Users\Timur\AppData\Local\Temp\surefire16899285947511286700 2020-02-29T21-25-33_168-jvmRun1 surefire2198366703654178478tmp surefire_013274208078148369693tmp"/>
    <property name="jdk.debug" value="release"/>
    <property name="surefire.test.class.path" value="C:\Users\Timur\fullFramework\target\test-classes;C:\Users\Timur\fullFramework\target\classes;C:\Users\Timur\.m2\repository\org\seleniumhq\selenium\selenium-java\3.141.59\selenium-java-3.141.59.jar;C:\Users\Timur\.m2\repository\org\seleniumhq\selenium\selenium-api\3.141.59\selenium-api-3.141.59.jar;C:\Users\Timur\.m2\repository\org\seleniumhq\selenium\selenium-chrome-driver\3.141.59\selenium-chrome-driver-3.141.59.jar;C:\Users\Timur\.m2\repository\org\seleniumhq\selenium\selenium-edge-driver\3.141.59\selenium-edge-driver-3.141.59.jar;C:\Users\Timur\.m2\repository\org\seleniumhq\selenium\selenium-firefox-driver\3.141.59\selenium-firefox-driver-3.141.59.jar;C:\Users\Timur\.m2\repository\org\seleniumhq\selenium\selenium-ie-driver\3.141.59\selenium-ie-driver-3.141.59.jar;C:\Users\Timur\.m2\repository\org\seleniumhq\selenium\selenium-opera-driver\3.141.59\selenium-opera-driver-3.141.59.jar;C:\Users\Timur\.m2\repository\org\seleniumhq\selenium\selenium-remote-driver\3.141.59\selenium-remote-driver-3.141.59.jar;C:\Users\Timur\.m2\repository\org\seleniumhq\selenium\selenium-safari-driver\3.141.59\selenium-safari-driver-3.141.59.jar;C:\Users\Timur\.m2\repository\org\seleniumhq\selenium\selenium-support\3.141.59\selenium-support-3.141.59.jar;C:\Users\Timur\.m2\repository\net\bytebuddy\byte-buddy\1.8.15\byte-buddy-1.8.15.jar;C:\Users\Timur\.m2\repository\org\apache\commons\commons-exec\1.3\commons-exec-1.3.jar;C:\Users\Timur\.m2\repository\com\google\guava\guava\25.0-jre\guava-25.0-jre.jar;C:\Users\Timur\.m2\repository\com\google\code\findbugs\jsr305\1.3.9\jsr305-1.3.9.jar;C:\Users\Timur\.m2\repository\org\checkerframework\checker-compat-qual\2.0.0\checker-compat-qual-2.0.0.jar;C:\Users\Timur\.m2\repository\com\google\errorprone\error_prone_annotations\2.1.3\error_prone_annotations-2.1.3.jar;C:\Users\Timur\.m2\repository\com\google\j2objc\j2objc-annotations\1.1\j2objc-annotations-1.1.jar;C:\Users\Timur\.m2\repository\org\codehaus\mojo\animal-sniffer-annotations\1.14\animal-sniffer-annotations-1.14.jar;C:\Users\Timur\.m2\repository\com\squareup\okhttp3\okhttp\3.11.0\okhttp-3.11.0.jar;C:\Users\Timur\.m2\repository\com\squareup\okio\okio\1.14.0\okio-1.14.0.jar;C:\Users\Timur\.m2\repository\org\testng\testng\7.0.0\testng-7.0.0.jar;C:\Users\Timur\.m2\repository\com\beust\jcommander\1.72\jcommander-1.72.jar;C:\Users\Timur\.m2\repository\junit\junit\4.12\junit-4.12.jar;C:\Users\Timur\.m2\repository\org\hamcrest\hamcrest-core\1.3\hamcrest-core-1.3.jar;C:\Users\Timur\.m2\repository\org\apache\logging\log4j\log4j-api\2.12.1\log4j-api-2.12.1.jar;C:\Users\Timur\.m2\repository\org\apache\logging\log4j\log4j-core\2.12.1\log4j-core-2.12.1.jar;C:\Users\Timur\.m2\repository\commons-io\commons-io\2.6\commons-io-2.6.jar;C:\Users\Timur\.m2\repository\com\aventstack\extentreports\3.1.5\extentreports-3.1.5.jar;C:\Users\Timur\.m2\repository\org\mongodb\mongodb-driver\3.3.0\mongodb-driver-3.3.0.jar;C:\Users\Timur\.m2\repository\org\mongodb\bson\3.3.0\bson-3.3.0.jar;C:\Users\Timur\.m2\repository\org\mongodb\mongodb-driver-core\3.3.0\mongodb-driver-core-3.3.0.jar;C:\Users\Timur\.m2\repository\org\apache\httpcomponents\httpclient\4.5.2\httpclient-4.5.2.jar;C:\Users\Timur\.m2\repository\org\apache\httpcomponents\httpcore\4.4.4\httpcore-4.4.4.jar;C:\Users\Timur\.m2\repository\commons-logging\commons-logging\1.2\commons-logging-1.2.jar;C:\Users\Timur\.m2\repository\commons-codec\commons-codec\1.9\commons-codec-1.9.jar;C:\Users\Timur\.m2\repository\org\apache\httpcomponents\httpmime\4.5.2\httpmime-4.5.2.jar;C:\Users\Timur\.m2\repository\org\jsoup\jsoup\1.9.2\jsoup-1.9.2.jar;C:\Users\Timur\.m2\repository\com\google\code\gson\gson\2.8.0\gson-2.8.0.jar;C:\Users\Timur\.m2\repository\org\freemarker\freemarker\2.3.28\freemarker-2.3.28.jar;C:\Users\Timur\.m2\repository\info\cukes\cucumber-junit\1.2.5\cucumber-junit-1.2.5.jar;C:\Users\Timur\.m2\repository\info\cukes\cucumber-java\1.2.5\cucumber-java-1.2.5.jar;C:\Users\Timur\.m2\repository\info\cukes\cucumber-core\1.2.5\cucumber-core-1.2.5.jar;C:\Users\Timur\.m2\repository\info\cukes\cucumber-html\0.2.3\cucumber-html-0.2.3.jar;C:\Users\Timur\.m2\repository\info\cukes\cucumber-jvm-deps\1.0.5\cucumber-jvm-deps-1.0.5.jar;C:\Users\Timur\.m2\repository\info\cukes\gherkin\2.12.2\gherkin-2.12.2.jar;C:\Users\Timur\.m2\repository\info\cukes\cucumber-testng\1.2.5\cucumber-testng-1.2.5.jar;C:\Users\Timur\.m2\repository\de\retest\recheck-web\1.3.0\recheck-web-1.3.0.jar;C:\Users\Timur\.m2\repository\de\retest\recheck\1.3.0\recheck-1.3.0.jar;C:\Users\Timur\.m2\repository\org\apache\commons\commons-lang3\3.9\commons-lang3-3.9.jar;C:\Users\Timur\.m2\repository\org\projectlombok\lombok\1.18.8\lombok-1.18.8.jar;C:\Users\Timur\.m2\repository\ch\qos\logback\logback-core\1.2.3\logback-core-1.2.3.jar;C:\Users\Timur\.m2\repository\ch\qos\logback\logback-classic\1.2.3\logback-classic-1.2.3.jar;C:\Users\Timur\.m2\repository\com\esotericsoftware\kryo\4.0.2\kryo-4.0.2.jar;C:\Users\Timur\.m2\repository\com\esotericsoftware\reflectasm\1.11.3\reflectasm-1.11.3.jar;C:\Users\Timur\.m2\repository\org\ow2\asm\asm\5.0.4\asm-5.0.4.jar;C:\Users\Timur\.m2\repository\com\esotericsoftware\minlog\1.3.0\minlog-1.3.0.jar;C:\Users\Timur\.m2\repository\org\objenesis\objenesis\2.5.1\objenesis-2.5.1.jar;C:\Users\Timur\.m2\repository\de\javakaffee\kryo-serializers\0.43\kryo-serializers-0.43.jar;C:\Users\Timur\.m2\repository\net\jpountz\lz4\lz4\1.3.0\lz4-1.3.0.jar;C:\Users\Timur\.m2\repository\javax\xml\bind\jaxb-api\2.3.1\jaxb-api-2.3.1.jar;C:\Users\Timur\.m2\repository\javax\activation\javax.activation-api\1.2.0\javax.activation-api-1.2.0.jar;C:\Users\Timur\.m2\repository\org\keycloak\keycloak-installed-adapter\6.0.1\keycloak-installed-adapter-6.0.1.jar;C:\Users\Timur\.m2\repository\org\keycloak\keycloak-core\6.0.1\keycloak-core-6.0.1.jar;C:\Users\Timur\.m2\repository\org\keycloak\keycloak-common\6.0.1\keycloak-common-6.0.1.jar;C:\Users\Timur\.m2\repository\org\bouncycastle\bcpkix-jdk15on\1.60\bcpkix-jdk15on-1.60.jar;C:\Users\Timur\.m2\repository\org\keycloak\keycloak-adapter-spi\6.0.1\keycloak-adapter-spi-6.0.1.jar;C:\Users\Timur\.m2\repository\org\keycloak\keycloak-adapter-core\6.0.1\keycloak-adapter-core-6.0.1.jar;C:\Users\Timur\.m2\repository\org\bouncycastle\bcprov-jdk15on\1.60\bcprov-jdk15on-1.60.jar;C:\Users\Timur\.m2\repository\org\jboss\logging\jboss-logging\3.3.2.Final\jboss-logging-3.3.2.Final.jar;C:\Users\Timur\.m2\repository\org\jboss\resteasy\resteasy-client\3.6.3.Final\resteasy-client-3.6.3.Final.jar;C:\Users\Timur\.m2\repository\org\jboss\resteasy\resteasy-jaxrs\3.6.3.Final\resteasy-jaxrs-3.6.3.Final.jar;C:\Users\Timur\.m2\repository\org\jboss\spec\javax\xml\bind\jboss-jaxb-api_2.3_spec\1.0.1.Final\jboss-jaxb-api_2.3_spec-1.0.1.Final.jar;C:\Users\Timur\.m2\repository\org\reactivestreams\reactive-streams\1.0.2\reactive-streams-1.0.2.jar;C:\Users\Timur\.m2\repository\javax\validation\validation-api\2.0.1.Final\validation-api-2.0.1.Final.jar;C:\Users\Timur\.m2\repository\org\jboss\spec\javax\annotation\jboss-annotations-api_1.3_spec\1.0.1.Final\jboss-annotations-api_1.3_spec-1.0.1.Final.jar;C:\Users\Timur\.m2\repository\javax\activation\activation\1.1.1\activation-1.1.1.jar;C:\Users\Timur\.m2\repository\net\jcip\jcip-annotations\1.0\jcip-annotations-1.0.jar;C:\Users\Timur\.m2\repository\org\jboss\spec\javax\ws\rs\jboss-jaxrs-api_2.1_spec\1.0.2.Final\jboss-jaxrs-api_2.1_spec-1.0.2.Final.jar;C:\Users\Timur\.m2\repository\org\eclipse\persistence\org.eclipse.persistence.moxy\2.5.2\org.eclipse.persistence.moxy-2.5.2.jar;C:\Users\Timur\.m2\repository\org\eclipse\persistence\org.eclipse.persistence.core\2.5.2\org.eclipse.persistence.core-2.5.2.jar;C:\Users\Timur\.m2\repository\org\eclipse\persistence\org.eclipse.persistence.asm\2.5.2\org.eclipse.persistence.asm-2.5.2.jar;C:\Users\Timur\.m2\repository\org\eclipse\persistence\org.eclipse.persistence.antlr\2.5.2\org.eclipse.persistence.antlr-2.5.2.jar;C:\Users\Timur\.m2\repository\org\apache\commons\commons-text\1.7\commons-text-1.7.jar;C:\Users\Timur\.m2\repository\org\slf4j\slf4j-api\1.7.26\slf4j-api-1.7.26.jar;C:\Users\Timur\.m2\repository\com\assertthat\selenium-shutterbug\0.9.2\selenium-shutterbug-0.9.2.jar;C:\Users\Timur\.m2\repository\com\fasterxml\jackson\dataformat\jackson-dataformat-yaml\2.9.9\jackson-dataformat-yaml-2.9.9.jar;C:\Users\Timur\.m2\repository\org\yaml\snakeyaml\1.23\snakeyaml-1.23.jar;C:\Users\Timur\.m2\repository\com\fasterxml\jackson\core\jackson-core\2.9.9\jackson-core-2.9.9.jar;C:\Users\Timur\.m2\repository\com\fasterxml\jackson\core\jackson-databind\2.9.9\jackson-databind-2.9.9.jar;C:\Users\Timur\.m2\repository\com\fasterxml\jackson\core\jackson-annotations\2.9.0\jackson-annotations-2.9.0.jar;"/>
    <property name="sun.cpu.endian" value="little"/>
    <property name="user.home" value="C:\Users\Timur"/>
    <property name="user.language" value="en"/>
    <property name="java.specification.vendor" value="Oracle Corporation"/>
    <property name="java.version.date" value="2019-04-16"/>
    <property name="java.home" value="C:\Program Files\Java\jdk-11.0.3"/>
    <property name="file.separator" value="\"/>
    <property name="basedir" value="C:\Users\Timur\fullFramework"/>
    <property name="java.vm.compressedOopsMode" value="32-bit"/>
    <property name="line.separator" value="&#10;"/>
    <property name="java.specification.name" value="Java Platform API Specification"/>
    <property name="java.vm.specification.vendor" value="Oracle Corporation"/>
    <property name="java.awt.graphicsenv" value="sun.awt.Win32GraphicsEnvironment"/>
    <property name="surefire.real.class.path" value="C:\Users\Timur\AppData\Local\Temp\surefire16899285947511286700\surefirebooter6434586992811168733.jar"/>
    <property name="user.script" value=""/>
    <property name="sun.management.compiler" value="HotSpot 64-Bit Tiered Compilers"/>
    <property name="java.runtime.version" value="11.0.3+12-LTS"/>
    <property name="user.name" value="Timur"/>
    <property name="path.separator" value=";"/>
    <property name="os.version" value="10.0"/>
    <property name="java.runtime.name" value="Java(TM) SE Runtime Environment"/>
    <property name="file.encoding" value="Cp1251"/>
    <property name="java.vm.name" value="Java HotSpot(TM) 64-Bit Server VM"/>
    <property name="java.vendor.version" value="18.9"/>
    <property name="localRepository" value="C:\Users\Timur\.m2\repository"/>
    <property name="java.vendor.url.bug" value="http://bugreport.java.com/bugreport/"/>
    <property name="java.io.tmpdir" value="C:\Users\Timur\AppData\Local\Temp\"/>
    <property name="java.version" value="11.0.3"/>
    <property name="user.dir" value="C:\Users\Timur\fullFramework"/>
    <property name="os.arch" value="amd64"/>
    <property name="java.vm.specification.name" value="Java Virtual Machine Specification"/>
    <property name="java.awt.printerjob" value="sun.awt.windows.WPrinterJob"/>
    <property name="sun.os.patch.level" value=""/>
    <property name="java.library.path" value="C:\Program Files\Java\jdk-11.0.3\bin;C:\Windows\Sun\Java\bin;C:\Windows\system32;C:\Windows;C:\Program Files (x86)\Common Files\Oracle\Java\javapath;C:\Windows\system32;C:\Windows;C:\Windows\System32\Wbem;C:\Windows\System32\WindowsPowerShell\v1.0\;C:\Windows\System32\OpenSSH\;C:\Program Files\Java\jdk-11.0.3\bin;C:\Users\Timur\AppData\Local\Android\Sdk\tools;C:\Users\Timur\AppData\Local\Android\Sdk\tools\bin;C:\Users\Timur\AppData\Local\Android\Sdk\platform-tools;C:\Program Files\nodejs\node_modules\npm\bin;C:\Users\Timur\Desktop\Automation\MAVEN\apache-maven-3.6.1\bin;C:\Program Files\Git\cmd;C:\Program Files\WIDCOMM\Bluetooth Software\;C:\Program Files\WIDCOMM\Bluetooth Software\syswow64;C:\Program Files\nodejs\;C:\ProgramData\chocolatey\bin;C:\Users\Timur\AppData\Local\Programs\Python\Python38\;C:\Users\Timur\AppData\Local\Programs\Python\Python38\Scripts\;C:\Users\Timur\AppData\Local\Programs\Python\Python38\Scripts\;C:\Users\Timur\AppData\Local\Programs\Python\Python38\;C:\Program Files\MySQL\MySQL Shell 8.0\bin\;C:\Users\Timur\AppData\Local\Microsoft\WindowsApps;C:\Users\Timur\AppData\Local\GitHubDesktop\bin;C:\Users\Timur\AppData\Local\atom\bin;C:\Users\Timur\AppData\Local\Programs\Microsoft VS Code\bin;C:\Program Files\JetBrains\IntelliJ IDEA Community Edition 2019.3\bin;;C:\Program Files\JetBrains\PyCharm Community Edition 2019.3.1\bin;;C:\Users\Timur\AppData\Roaming\npm;."/>
    <property name="java.vendor" value="Oracle Corporation"/>
    <property name="java.vm.info" value="mixed mode"/>
    <property name="java.vm.version" value="11.0.3+12-LTS"/>
    <property name="sun.io.unicode.encoding" value="UnicodeLittle"/>
    <property name="java.class.version" value="55.0"/>
  </properties>
  <testcase name="initializeStart" classname="bookingTesting.userAccount" time="5.732">
    <failure message="session not created: This version of ChromeDriver only supports Chrome version 78&#10;Build info: version: &apos;3.141.59&apos;, revision: &apos;e82be7d358&apos;, time: &apos;2018-11-14T08:17:03&apos;&#10;System info: host: &apos;DESKTOP-VV3J5LT&apos;, ip: &apos;172.20.10.8&apos;, os.name: &apos;Windows 10&apos;, os.arch: &apos;amd64&apos;, os.version: &apos;10.0&apos;, java.version: &apos;11.0.3&apos;&#10;Driver info: driver.version: ChromeDriver&#10;remote stacktrace: Backtrace:&#10;	Ordinal0 [0x0100A923+1550627]&#10;	Ordinal0 [0x00F8A731+1025841]&#10;	Ordinal0 [0x00F0C715+509717]&#10;	Ordinal0 [0x00E9FC68+64616]&#10;	Ordinal0 [0x00E9C594+50580]&#10;	Ordinal0 [0x00EBACE7+175335]&#10;	Ordinal0 [0x00EBA8ED+174317]&#10;	Ordinal0 [0x00EB8CDB+167131]&#10;	Ordinal0 [0x00EA144A+70730]&#10;	Ordinal0 [0x00EA24D0+74960]&#10;	Ordinal0 [0x00EA2469+74857]&#10;	Ordinal0 [0x00FA42F7+1131255]&#10;	GetHandleVerifier [0x010A711D+523789]&#10;	GetHandleVerifier [0x010A6EB0+523168]&#10;	GetHandleVerifier [0x010AE207+552695]&#10;	GetHandleVerifier [0x010A791A+525834]&#10;	Ordinal0 [0x00F9B82C+1095724]&#10;	Ordinal0 [0x00FA636B+1139563]&#10;	Ordinal0 [0x00FA64D3+1139923]&#10;	Ordinal0 [0x00FA5455+1135701]&#10;	BaseThreadInitThunk [0x766F6359+25]&#10;	RtlGetAppContainerNamedObjectPath [0x776E7B74+228]&#10;	RtlGetAppContainerNamedObjectPath [0x776E7B44+180]&#10;" type="org.openqa.selenium.SessionNotCreatedException">org.openqa.selenium.SessionNotCreatedException: 
session not created: This version of ChromeDriver only supports Chrome version 78
Build info: version: '3.141.59', revision: 'e82be7d358', time: '2018-11-14T08:17:03'
System info: host: 'DESKTOP-VV3J5LT', ip: '172.20.10.8', os.name: 'Windows 10', os.arch: 'amd64', os.version: '10.0', java.version: '11.0.3'
Driver info: driver.version: ChromeDriver
remote stacktrace: Backtrace:
	Ordinal0 [0x0100A923+1550627]
	Ordinal0 [0x00F8A731+1025841]
	Ordinal0 [0x00F0C715+509717]
	Ordinal0 [0x00E9FC68+64616]
	Ordinal0 [0x00E9C594+50580]
	Ordinal0 [0x00EBACE7+175335]
	Ordinal0 [0x00EBA8ED+174317]
	Ordinal0 [0x00EB8CDB+167131]
	Ordinal0 [0x00EA144A+70730]
	Ordinal0 [0x00EA24D0+74960]
	Ordinal0 [0x00EA2469+74857]
	Ordinal0 [0x00FA42F7+1131255]
	GetHandleVerifier [0x010A711D+523789]
	GetHandleVerifier [0x010A6EB0+523168]
	GetHandleVerifier [0x010AE207+552695]
	GetHandleVerifier [0x010A791A+525834]
	Ordinal0 [0x00F9B82C+1095724]
	Ordinal0 [0x00FA636B+1139563]
	Ordinal0 [0x00FA64D3+1139923]
	Ordinal0 [0x00FA5455+1135701]
	BaseThreadInitThunk [0x766F6359+25]
	RtlGetAppContainerNamedObjectPath [0x776E7B74+228]
	RtlGetAppContainerNamedObjectPath [0x776E7B44+180]

	at bookingTesting.userAccount.initializeStart(userAccount.java:22)
</failure>
    <system-out><![CDATA[*** Test Suite maiRU Test started ***
*** Test Suite BookingTest started ***
]]></system-out>
    <system-err><![CDATA[Starting ChromeDriver 78.0.3904.105 (60e2d8774a8151efa6a00b1f358371b1e0e07ee2-refs/branch-heads/3904@{#877}) on port 4502
Only local connections are allowed.
Please protect ports used by ChromeDriver and related test frameworks to prevent access by malicious code.
Starting ChromeDriver 78.0.3904.105 (60e2d8774a8151efa6a00b1f358371b1e0e07ee2-refs/branch-heads/3904@{#877}) on port 22110
Only local connections are allowed.
Please protect ports used by ChromeDriver and related test frameworks to prevent access by malicious code.
]]></system-err>
  </testcase>
  <testcase name="userTest" classname="bookingTesting.userAccount" time="0">
    <skipped message="session not created: This version of ChromeDriver only supports Chrome version 78&#10;Build info: version: &apos;3.141.59&apos;, revision: &apos;e82be7d358&apos;, time: &apos;2018-11-14T08:17:03&apos;&#10;System info: host: &apos;DESKTOP-VV3J5LT&apos;, ip: &apos;172.20.10.8&apos;, os.name: &apos;Windows 10&apos;, os.arch: &apos;amd64&apos;, os.version: &apos;10.0&apos;, java.version: &apos;11.0.3&apos;&#10;Driver info: driver.version: ChromeDriver&#10;remote stacktrace: Backtrace:&#10;	Ordinal0 [0x0100A923+1550627]&#10;	Ordinal0 [0x00F8A731+1025841]&#10;	Ordinal0 [0x00F0C715+509717]&#10;	Ordinal0 [0x00E9FC68+64616]&#10;	Ordinal0 [0x00E9C594+50580]&#10;	Ordinal0 [0x00EBACE7+175335]&#10;	Ordinal0 [0x00EBA8ED+174317]&#10;	Ordinal0 [0x00EB8CDB+167131]&#10;	Ordinal0 [0x00EA144A+70730]&#10;	Ordinal0 [0x00EA24D0+74960]&#10;	Ordinal0 [0x00EA2469+74857]&#10;	Ordinal0 [0x00FA42F7+1131255]&#10;	GetHandleVerifier [0x010A711D+523789]&#10;	GetHandleVerifier [0x010A6EB0+523168]&#10;	GetHandleVerifier [0x010AE207+552695]&#10;	GetHandleVerifier [0x010A791A+525834]&#10;	Ordinal0 [0x00F9B82C+1095724]&#10;	Ordinal0 [0x00FA636B+1139563]&#10;	Ordinal0 [0x00FA64D3+1139923]&#10;	Ordinal0 [0x00FA5455+1135701]&#10;	BaseThreadInitThunk [0x766F6359+25]&#10;	RtlGetAppContainerNamedObjectPath [0x776E7B74+228]&#10;	RtlGetAppContainerNamedObjectPath [0x776E7B44+180]&#10;"/>
    <system-out><![CDATA[Directory already exists: C:\Users\Timur\fullFramework\TestReport
]]></system-out>
  </testcase>
  <testcase name="endSession" classname="bookingTesting.userAccount" time="0">
    <skipped/>
  </testcase>
  <testcase name="initialize" classname="bookingTesting.HomePage" time="0.111">
    <failure message="session not created: This version of ChromeDriver only supports Chrome version 78&#10;Build info: version: &apos;3.141.59&apos;, revision: &apos;e82be7d358&apos;, time: &apos;2018-11-14T08:17:03&apos;&#10;System info: host: &apos;DESKTOP-VV3J5LT&apos;, ip: &apos;172.20.10.8&apos;, os.name: &apos;Windows 10&apos;, os.arch: &apos;amd64&apos;, os.version: &apos;10.0&apos;, java.version: &apos;11.0.3&apos;&#10;Driver info: driver.version: ChromeDriver&#10;remote stacktrace: Backtrace:&#10;	Ordinal0 [0x0100A923+1550627]&#10;	Ordinal0 [0x00F8A731+1025841]&#10;	Ordinal0 [0x00F0C715+509717]&#10;	Ordinal0 [0x00E9FC68+64616]&#10;	Ordinal0 [0x00E9C594+50580]&#10;	Ordinal0 [0x00EBACE7+175335]&#10;	Ordinal0 [0x00EBA8ED+174317]&#10;	Ordinal0 [0x00EB8CDB+167131]&#10;	Ordinal0 [0x00EA144A+70730]&#10;	Ordinal0 [0x00EA24D0+74960]&#10;	Ordinal0 [0x00EA2469+74857]&#10;	Ordinal0 [0x00FA42F7+1131255]&#10;	GetHandleVerifier [0x010A711D+523789]&#10;	GetHandleVerifier [0x010A6EB0+523168]&#10;	GetHandleVerifier [0x010AE207+552695]&#10;	GetHandleVerifier [0x010A791A+525834]&#10;	Ordinal0 [0x00F9B82C+1095724]&#10;	Ordinal0 [0x00FA636B+1139563]&#10;	Ordinal0 [0x00FA64D3+1139923]&#10;	Ordinal0 [0x00FA5455+1135701]&#10;	BaseThreadInitThunk [0x766F6359+25]&#10;	RtlGetAppContainerNamedObjectPath [0x776E7B74+228]&#10;	RtlGetAppContainerNamedObjectPath [0x776E7B44+180]&#10;" type="org.openqa.selenium.SessionNotCreatedException">org.openqa.selenium.SessionNotCreatedException: 
session not created: This version of ChromeDriver only supports Chrome version 78
Build info: version: '3.141.59', revision: 'e82be7d358', time: '2018-11-14T08:17:03'
System info: host: 'DESKTOP-VV3J5LT', ip: '172.20.10.8', os.name: 'Windows 10', os.arch: 'amd64', os.version: '10.0', java.version: '11.0.3'
Driver info: driver.version: ChromeDriver
remote stacktrace: Backtrace:
	Ordinal0 [0x0100A923+1550627]
	Ordinal0 [0x00F8A731+1025841]
	Ordinal0 [0x00F0C715+509717]
	Ordinal0 [0x00E9FC68+64616]
	Ordinal0 [0x00E9C594+50580]
	Ordinal0 [0x00EBACE7+175335]
	Ordinal0 [0x00EBA8ED+174317]
	Ordinal0 [0x00EB8CDB+167131]
	Ordinal0 [0x00EA144A+70730]
	Ordinal0 [0x00EA24D0+74960]
	Ordinal0 [0x00EA2469+74857]
	Ordinal0 [0x00FA42F7+1131255]
	GetHandleVerifier [0x010A711D+523789]
	GetHandleVerifier [0x010A6EB0+523168]
	GetHandleVerifier [0x010AE207+552695]
	GetHandleVerifier [0x010A791A+525834]
	Ordinal0 [0x00F9B82C+1095724]
	Ordinal0 [0x00FA636B+1139563]
	Ordinal0 [0x00FA64D3+1139923]
	Ordinal0 [0x00FA5455+1135701]
	BaseThreadInitThunk [0x766F6359+25]
	RtlGetAppContainerNamedObjectPath [0x776E7B74+228]
	RtlGetAppContainerNamedObjectPath [0x776E7B44+180]

	at bookingTesting.HomePage.initialize(HomePage.java:27)
</failure>
  </testcase>
  <testcase name="PageTest" classname="bookingTesting.HomePage" time="0">
    <skipped message="session not created: This version of ChromeDriver only supports Chrome version 78&#10;Build info: version: &apos;3.141.59&apos;, revision: &apos;e82be7d358&apos;, time: &apos;2018-11-14T08:17:03&apos;&#10;System info: host: &apos;DESKTOP-VV3J5LT&apos;, ip: &apos;172.20.10.8&apos;, os.name: &apos;Windows 10&apos;, os.arch: &apos;amd64&apos;, os.version: &apos;10.0&apos;, java.version: &apos;11.0.3&apos;&#10;Driver info: driver.version: ChromeDriver&#10;remote stacktrace: Backtrace:&#10;	Ordinal0 [0x0100A923+1550627]&#10;	Ordinal0 [0x00F8A731+1025841]&#10;	Ordinal0 [0x00F0C715+509717]&#10;	Ordinal0 [0x00E9FC68+64616]&#10;	Ordinal0 [0x00E9C594+50580]&#10;	Ordinal0 [0x00EBACE7+175335]&#10;	Ordinal0 [0x00EBA8ED+174317]&#10;	Ordinal0 [0x00EB8CDB+167131]&#10;	Ordinal0 [0x00EA144A+70730]&#10;	Ordinal0 [0x00EA24D0+74960]&#10;	Ordinal0 [0x00EA2469+74857]&#10;	Ordinal0 [0x00FA42F7+1131255]&#10;	GetHandleVerifier [0x010A711D+523789]&#10;	GetHandleVerifier [0x010A6EB0+523168]&#10;	GetHandleVerifier [0x010AE207+552695]&#10;	GetHandleVerifier [0x010A791A+525834]&#10;	Ordinal0 [0x00F9B82C+1095724]&#10;	Ordinal0 [0x00FA636B+1139563]&#10;	Ordinal0 [0x00FA64D3+1139923]&#10;	Ordinal0 [0x00FA5455+1135701]&#10;	BaseThreadInitThunk [0x766F6359+25]&#10;	RtlGetAppContainerNamedObjectPath [0x776E7B74+228]&#10;	RtlGetAppContainerNamedObjectPath [0x776E7B44+180]&#10;"/>
  </testcase>
  <testcase name="endSession" classname="bookingTesting.HomePage" time="0">
    <skipped/>
  </testcase>
</testsuite>