<?xml version="1.0" encoding="UTF-8"?>
<!-- Generated by org.testng.reporters.JUnitReportReporter -->
<testsuite hostname="DESKTOP-VV3J5LT" failures="0" tests="1" name="bookingTesting.HomePage" time="11.958" errors="0" timestamp="28 Oct 2019 00:33:07 GMT" skipped="0">
  <testcase classname="bookingTesting.HomePage" name="PageTest" time="11.958"/>
</testsuite> <!-- bookingTesting.HomePage -->
