<?xml version="1.0" encoding="UTF-8"?>
<!-- Generated by org.testng.reporters.JUnitReportReporter -->
<testsuite hostname="DESKTOP-VV3J5LT" failures="0" tests="1" name="bookingTesting.HomePageTest" time="11.616" errors="0" timestamp="30 Sep 2019 02:31:11 GMT" skipped="0">
  <testcase classname="bookingTesting.HomePageTest" name="PageTest" time="11.616"/>
</testsuite> <!-- bookingTesting.HomePageTest -->
